<?xml version="1.0" encoding="UTF-8"?>
<testsuite xmlns:xsi="http://www.w3.org/2001/XMLSchema-instance" xsi:noNamespaceSchemaLocation="https://maven.apache.org/surefire/maven-surefire-plugin/xsd/surefire-test-report.xsd" name="runner.RunCucumber" time="0.964" tests="2" errors="0" skipped="2" failures="0">
  <properties>
[...]
</properties>
  <testcase name="Sunday isn&apos;t Friday" classname="Is it Friday yet?" time="0">
    <skipped message="The step &quot;today is Sunday&quot; is undefined. You can implement it using the snippet(s) below:&#10;&#10;@Given(&quot;today is Sunday&quot;)&#10;public void today_is_Sunday() {&#10;    // Write code here that turns the phrase above into concrete actions&#10;    throw new io.cucumber.java.PendingException();&#10;}&#10;&#10;&#10;Some other steps were also undefined:&#10;&#10;@When(&quot;I ask whether it&apos;s Friday yet&quot;)&#10;public void i_ask_whether_it_s_Friday_yet() {&#10;    // Write code here that turns the phrase above into concrete actions&#10;    throw new io.cucumber.java.PendingException();&#10;}&#10;@Then(&quot;I should be told {string}&quot;)&#10;public void i_should_be_told(String string) {&#10;    // Write code here that turns the phrase above into concrete actions&#10;    throw new io.cucumber.java.PendingException();&#10;}&#10;"/>
    <system-out><![CDATA[
Scenario: Sunday isn't Friday        &amp#27;[90m# src/test/resources/hellocucumber/is_it_friday_yet.feature:4&amp#27;[0m
  &amp#27;[33mGiven &amp#27;[0m&amp#27;[33mtoday is Sunday&amp#27;[0m              &amp#27;[90m# null&amp#27;[0m
  &amp#27;[33mWhen &amp#27;[0m&amp#27;[33mI ask whether it's Friday yet&amp#27;[0m &amp#27;[90m# null&amp#27;[0m
  &amp#27;[33mThen &amp#27;[0m&amp#27;[33mI should be told "Nope"&amp#27;[0m       &amp#27;[90m# null&amp#27;[0m
]]></system-out>
    <system-err><![CDATA[May 18, 2020 12:50:37 PM io.cucumber.junit.Cucumber <init>
WARNING: By default Cucumber is running in --non-strict mode.
This default will change to --strict and --non-strict will be removed.
You can use --strict or @CucumberOptions(strict = true) to suppress this warning
]]></system-err>
  </testcase>
  <testcase name="Sunday isn&apos;t Friday" classname="Is it Friday yet?" time="0">
    <skipped message="The step &quot;today is Sunday&quot; is undefined. You can implement it using the snippet(s) below:&#10;&#10;@Given(&quot;today is Sunday&quot;)&#10;public void today_is_Sunday() {&#10;    // Write code here that turns the phrase above into concrete actions&#10;    throw new io.cucumber.java.PendingException();&#10;}&#10;&#10;&#10;Some other steps were also undefined:&#10;&#10;@When(&quot;I ask whether it&apos;s Friday yet&quot;)&#10;public void i_ask_whether_it_s_Friday_yet() {&#10;    // Write code here that turns the phrase above into concrete actions&#10;    throw new io.cucumber.java.PendingException();&#10;}&#10;@Then(&quot;I should be told {string}&quot;)&#10;public void i_should_be_told(String string) {&#10;    // Write code here that turns the phrase above into concrete actions&#10;    throw new io.cucumber.java.PendingException();&#10;}&#10;"/>
    <system-out><![CDATA[
Scenario: Sunday isn't Friday        &amp#27;[90m# src/test/resources/hellocucumber/is_it_friday_yet2.feature:7&amp#27;[0m
  &amp#27;[33mGiven &amp#27;[0m&amp#27;[33mtoday is Sunday&amp#27;[0m              &amp#27;[90m# null&amp#27;[0m
  &amp#27;[33mWhen &amp#27;[0m&amp#27;[33mI ask whether it's Friday yet&amp#27;[0m &amp#27;[90m# null&amp#27;[0m
  &amp#27;[33mThen &amp#27;[0m&amp#27;[33mI should be told "Nope"&amp#27;[0m       &amp#27;[90m# null&amp#27;[0m
]]></system-out>
  </testcase>
</testsuite>